<?xml version="1.0" encoding="UTF-8"?>
<!-- Generated by org.testng.reporters.JUnitReportReporter -->
<testsuite skipped="0" hostname="user-PC" name="testNg.Framework.DifferentAnnotation" tests="1" failures="0" timestamp="04 May 2018 15:24:01 GMT" time="0.009" errors="0">
  <testcase name="testcase" time="0.009" classname="testNg.Framework.DifferentAnnotation"/>
</testsuite> <!-- testNg.Framework.DifferentAnnotation -->
