<?xml version="1.0" encoding="UTF-8"?>
<!-- Generated by org.testng.reporters.JUnitReportReporter -->
<testsuite skipped="0" hostname="user-PC" name="testNg.Framework.BrowserlaunchTest" tests="2" failures="0" timestamp="04 May 2018 13:42:50 GMT" time="39.204" errors="0">
  <testcase name="titleTest" time="10.066" classname="testNg.Framework.BrowserlaunchTest"/>
  <testcase name="verifylinkTest" time="29.138" classname="testNg.Framework.BrowserlaunchTest"/>
</testsuite> <!-- testNg.Framework.BrowserlaunchTest -->
