<?xml version="1.0" encoding="UTF-8"?>
<!-- Generated by org.testng.reporters.JUnitReportReporter -->
<testsuite skipped="0" hostname="user-PC" name="com.testngFramework.BrowserlaunchTest" tests="2" failures="0" timestamp="07 May 2018 07:47:13 GMT" time="22.513" errors="0">
  <testcase name="titleTest" time="12.616" classname="com.testngFramework.BrowserlaunchTest"/>
  <testcase name="verifylinkTest" time="9.897" classname="com.testngFramework.BrowserlaunchTest"/>
</testsuite> <!-- com.testngFramework.BrowserlaunchTest -->
