<?xml version="1.0" encoding="UTF-8"?>
<!-- Generated by org.testng.reporters.JUnitReportReporter -->
<testsuite skipped="0" hostname="user-PC" name="com.testngFramework.ValidationClass" tests="1" failures="0" timestamp="08 Jun 2018 06:28:55 GMT" time="20.797" errors="0">
  <testcase name="verifylinkTest" time="20.797" classname="com.testngFramework.ValidationClass"/>
</testsuite> <!-- com.testngFramework.ValidationClass -->
