<?xml version="1.0" encoding="UTF-8"?>
<!-- Generated by org.testng.reporters.JUnitReportReporter -->
<testsuite skipped="0" hostname="user-PC" name="com.testngFramework.DifferentAnnotation" tests="1" failures="0" timestamp="08 Jun 2018 06:28:55 GMT" time="0.001" errors="0">
  <testcase name="testcase" time="0.001" classname="com.testngFramework.DifferentAnnotation"/>
</testsuite> <!-- com.testngFramework.DifferentAnnotation -->
